# JRE version: OpenJDK Runtime Environment (8.0_152-b01) (build 1.8.0_152-release-1248-b01)
# Java VM: OpenJDK 64-Bit Server VM (25.152-b01 mixed mode windows-amd64 compressed oops)
Heap:
 PSYoungGen      total 381440K, used 101909K [0x00000000e0000000, 0x00000000fb880000, 0x0000000100000000)
  eden space 354816K, 27% used [0x00000000e0000000,0x00000000e60cbe08,0x00000000f5a80000)
  from space 26624K, 10% used [0x00000000f7880000,0x00000000f7b39898,0x00000000f9280000)
  to   space 30720K, 0% used [0x00000000f5a80000,0x00000000f5a80000,0x00000000f7880000)
 ParOldGen       total 130048K, used 62297K [0x00000000a0000000, 0x00000000a7f00000, 0x00000000e0000000)
  object space 130048K, 47% used [0x00000000a0000000,0x00000000a3cd67e8,0x00000000a7f00000)
 Metaspace       used 119294K, capacity 126931K, committed 127104K, reserved 1159168K
  class space    used 14947K, capacity 16405K, committed 16512K, reserved 1048576K
GC Heap History (10 events):
Event: 5525.700 GC heap before
{Heap before GC invocations=60 (full 4):
 PSYoungGen      total 302592K, used 273642K [0x00000000e0000000, 0x00000000f7100000, 0x0000000100000000)
  eden space 266240K, 99% used [0x00000000e0000000,0x00000000f03c6ca0,0x00000000f0400000)
  from space 36352K, 20% used [0x00000000f0400000,0x00000000f0b73cf8,0x00000000f2780000)
  to   space 35840K, 0% used [0x00000000f4e00000,0x00000000f4e00000,0x00000000f7100000)
 ParOldGen       total 130048K, used 55986K [0x00000000a0000000, 0x00000000a7f00000, 0x00000000e0000000)
  object space 130048K, 43% used [0x00000000a0000000,0x00000000a36ac8e8,0x00000000a7f00000)
 Metaspace       used 118176K, capacity 125425K, committed 125568K, reserved 1159168K
  class space    used 14818K, capacity 16224K, committed 16256K, reserved 1048576K
Event: 5525.708 GC heap after
Heap after GC invocations=60 (full 4):
 PSYoungGen      total 342528K, used 2679K [0x00000000e0000000, 0x00000000f7380000, 0x0000000100000000)
  eden space 306688K, 0% used [0x00000000e0000000,0x00000000e0000000,0x00000000f2b80000)
  from space 35840K, 7% used [0x00000000f4e00000,0x00000000f509dee8,0x00000000f7100000)
  to   space 35328K, 0% used [0x00000000f2b80000,0x00000000f2b80000,0x00000000f4e00000)
 ParOldGen       total 130048K, used 56018K [0x00000000a0000000, 0x00000000a7f00000, 0x00000000e0000000)
  object space 130048K, 43% used [0x00000000a0000000,0x00000000a36b48e8,0x00000000a7f00000)
 Metaspace       used 118176K, capacity 125425K, committed 125568K, reserved 1159168K
  class space    used 14818K, capacity 16224K, committed 16256K, reserved 1048576K
}
Event: 5716.124 GC heap before
{Heap before GC invocations=61 (full 4):
 PSYoungGen      total 342528K, used 308839K [0x00000000e0000000, 0x00000000f7380000, 0x0000000100000000)
  eden space 306688K, 99% used [0x00000000e0000000,0x00000000f2afbfe8,0x00000000f2b80000)
  from space 35840K, 7% used [0x00000000f4e00000,0x00000000f509dee8,0x00000000f7100000)
  to   space 35328K, 0% used [0x00000000f2b80000,0x00000000f2b80000,0x00000000f4e00000)
 ParOldGen       total 130048K, used 56018K [0x00000000a0000000, 0x00000000a7f00000, 0x00000000e0000000)
  object space 130048K, 43% used [0x00000000a0000000,0x00000000a36b48e8,0x00000000a7f00000)
 Metaspace       used 118535K, capacity 126123K, committed 126208K, reserved 1159168K
  class space    used 14870K, capacity 16349K, committed 16384K, reserved 1048576K
Event: 5716.143 GC heap after
Heap after GC invocations=61 (full 4):
 PSYoungGen      total 342016K, used 6415K [0x00000000e0000000, 0x00000000f9a00000, 0x0000000100000000)
  eden space 306688K, 0% used [0x00000000e0000000,0x00000000e0000000,0x00000000f2b80000)
  from space 35328K, 18% used [0x00000000f2b80000,0x00000000f31c3f78,0x00000000f4e00000)
  to   space 34304K, 0% used [0x00000000f7880000,0x00000000f7880000,0x00000000f9a00000)
 ParOldGen       total 130048K, used 56074K [0x00000000a0000000, 0x00000000a7f00000, 0x00000000e0000000)
  object space 130048K, 43% used [0x00000000a0000000,0x00000000a36c28e8,0x00000000a7f00000)
 Metaspace       used 118535K, capacity 126123K, committed 126208K, reserved 1159168K
  class space    used 14870K, capacity 16349K, committed 16384K, reserved 1048576K
}
Event: 5727.914 GC heap before
{Heap before GC invocations=62 (full 4):
 PSYoungGen      total 342016K, used 313103K [0x00000000e0000000, 0x00000000f9a00000, 0x0000000100000000)
  eden space 306688K, 100% used [0x00000000e0000000,0x00000000f2b80000,0x00000000f2b80000)
  from space 35328K, 18% used [0x00000000f2b80000,0x00000000f31c3f78,0x00000000f4e00000)
  to   space 34304K, 0% used [0x00000000f7880000,0x00000000f7880000,0x00000000f9a00000)
 ParOldGen       total 130048K, used 56074K [0x00000000a0000000, 0x00000000a7f00000, 0x00000000e0000000)
  object space 130048K, 43% used [0x00000000a0000000,0x00000000a36c28e8,0x00000000a7f00000)
 Metaspace       used 119191K, capacity 126867K, committed 127104K, reserved 1159168K
  class space    used 14946K, capacity 16405K, committed 16512K, reserved 1048576K
Event: 5727.968 GC heap after
Heap after GC invocations=62 (full 4):
 PSYoungGen      total 374272K, used 8603K [0x00000000e0000000, 0x00000000f9280000, 0x0000000100000000)
  eden space 347648K, 0% used [0x00000000e0000000,0x00000000e0000000,0x00000000f5380000)
  from space 26624K, 32% used [0x00000000f7880000,0x00000000f80e6c18,0x00000000f9280000)
  to   space 32256K, 0% used [0x00000000f5380000,0x00000000f5380000,0x00000000f7300000)
 ParOldGen       total 130048K, used 57135K [0x00000000a0000000, 0x00000000a7f00000, 0x00000000e0000000)
  object space 130048K, 43% used [0x00000000a0000000,0x00000000a37cbe38,0x00000000a7f00000)
 Metaspace       used 119191K, capacity 126867K, committed 127104K, reserved 1159168K
  class space    used 14946K, capacity 16405K, committed 16512K, reserved 1048576K
}
Event: 5729.940 GC heap before
{Heap before GC invocations=63 (full 4):
 PSYoungGen      total 374272K, used 356251K [0x00000000e0000000, 0x00000000f9280000, 0x0000000100000000)
  eden space 347648K, 100% used [0x00000000e0000000,0x00000000f5380000,0x00000000f5380000)
  from space 26624K, 32% used [0x00000000f7880000,0x00000000f80e6c18,0x00000000f9280000)
  to   space 32256K, 0% used [0x00000000f5380000,0x00000000f5380000,0x00000000f7300000)
 ParOldGen       total 130048K, used 57135K [0x00000000a0000000, 0x00000000a7f00000, 0x00000000e0000000)
  object space 130048K, 43% used [0x00000000a0000000,0x00000000a37cbe38,0x00000000a7f00000)
 Metaspace       used 119241K, capacity 126867K, committed 127104K, reserved 1159168K
  class space    used 14947K, capacity 16405K, committed 16512K, reserved 1048576K
Event: 5729.987 GC heap after
Heap after GC invocations=63 (full 4):
 PSYoungGen      total 379904K, used 7306K [0x00000000e0000000, 0x00000000f9280000, 0x0000000100000000)
  eden space 347648K, 0% used [0x00000000e0000000,0x00000000e0000000,0x00000000f5380000)
  from space 32256K, 22% used [0x00000000f5380000,0x00000000f5aa2980,0x00000000f7300000)
  to   space 26624K, 0% used [0x00000000f7880000,0x00000000f7880000,0x00000000f9280000)
 ParOldGen       total 130048K, used 60333K [0x00000000a0000000, 0x00000000a7f00000, 0x00000000e0000000)
  object space 130048K, 46% used [0x00000000a0000000,0x00000000a3aeb740,0x00000000a7f00000)
 Metaspace       used 119241K, capacity 126867K, committed 127104K, reserved 1159168K
  class space    used 14947K, capacity 16405K, committed 16512K, reserved 1048576K
}
Event: 5732.351 GC heap before
{Heap before GC invocations=64 (full 4):
 PSYoungGen      total 379904K, used 354954K [0x00000000e0000000, 0x00000000f9280000, 0x0000000100000000)
  eden space 347648K, 100% used [0x00000000e0000000,0x00000000f5380000,0x00000000f5380000)
  from space 32256K, 22% used [0x00000000f5380000,0x00000000f5aa2980,0x00000000f7300000)
  to   space 26624K, 0% used [0x00000000f7880000,0x00000000f7880000,0x00000000f9280000)
 ParOldGen       total 130048K, used 60333K [0x00000000a0000000, 0x00000000a7f00000, 0x00000000e0000000)
  object space 130048K, 46% used [0x00000000a0000000,0x00000000a3aeb740,0x00000000a7f00000)
 Metaspace       used 119285K, capacity 126931K, committed 127104K, reserved 1159168K
  class space    used 14947K, capacity 16405K, committed 16512K, reserved 1048576K
Event: 5732.362 GC heap after
Heap after GC invocations=64 (full 4):
 PSYoungGen      total 381440K, used 2790K [0x00000000e0000000, 0x00000000fb880000, 0x0000000100000000)
  eden space 354816K, 0% used [0x00000000e0000000,0x00000000e0000000,0x00000000f5a80000)
  from space 26624K, 10% used [0x00000000f7880000,0x00000000f7b39898,0x00000000f9280000)
  to   space 30720K, 0% used [0x00000000f5a80000,0x00000000f5a80000,0x00000000f7880000)
 ParOldGen       total 130048K, used 62297K [0x00000000a0000000, 0x00000000a7f00000, 0x00000000e0000000)
  object space 130048K, 47% used [0x00000000a0000000,0x00000000a3cd67e8,0x00000000a7f00000)
 Metaspace       used 119285K, capacity 126931K, committed 127104K, reserved 1159168K
  class space    used 14947K, capacity 16405K, committed 16512K, reserved 1048576K
}

